<?xml version="1.0" encoding="UTF-8"?>
<!-- Generated by org.testng.reporters.JUnitReportReporter -->
<testsuite skipped="0" hostname="LAPTOP-SQU2HEOV" name="com.guru99.testcases.TC003_AddCustomer" tests="1" failures="0" timestamp="2021-06-06T12:01:33 EDT" time="25.532" errors="0">
  <testcase name="createCust" time="25.532" classname="com.guru99.testcases.TC003_AddCustomer"/>
  <system-out/>
</testsuite> <!-- com.guru99.testcases.TC003_AddCustomer -->
