<?xml version="1.0" encoding="UTF-8"?>
<!-- Generated by org.testng.reporters.JUnitReportReporter -->
<testsuite skipped="0" hostname="LAPTOP-SQU2HEOV" name="personalPractice.ConnectingExcel" tests="4" failures="0" timestamp="2021-05-23T13:38:54 EDT" time="0.008" errors="0">
  <testcase name="TC001_Login" time="0.001" classname="personalPractice.ConnectingExcel"/>
  <system-out/>
  <testcase name="TC001_Login" time="0.001" classname="personalPractice.ConnectingExcel"/>
  <system-out/>
  <testcase name="TC001_Login" time="0.001" classname="personalPractice.ConnectingExcel"/>
  <system-out/>
  <testcase name="TC001_Login" time="0.005" classname="personalPractice.ConnectingExcel"/>
  <system-out/>
</testsuite> <!-- personalPractice.ConnectingExcel -->
