<?xml version="1.0" encoding="UTF-8"?>
<!-- Generated by org.testng.reporters.JUnitReportReporter -->
<testsuite skipped="0" hostname="LAPTOP-SQU2HEOV" name="com.guru99.testcases.TC001_validLogin" tests="1" failures="0" timestamp="2021-06-06T11:39:25 EDT" time="7.934" errors="0">
  <testcase name="TC002_InvalidLogin" time="7.934" classname="com.guru99.testcases.TC001_validLogin"/>
  <system-out/>
</testsuite> <!-- com.guru99.testcases.TC001_validLogin -->
